<?xml version="1.0" encoding="UTF-8"?>
<testsuite xmlns:xsi="http://www.w3.org/2001/XMLSchema-instance" xsi:noNamespaceSchemaLocation="https://maven.apache.org/surefire/maven-surefire-plugin/xsd/surefire-test-report.xsd" name="TestSuite" time="41.002" tests="6" errors="0" skipped="0" failures="3">
  <properties>
[...]
</properties>
  <testcase name="registerPositiveTest" classname="com.telran.oscarlatestVersion.tests.RegisterPagePositiveTests" time="8.687">
    <failure message="Cannot locate an element using css selector=.alertinner.wicon&#10;For documentation on this error, please visit: https://www.seleniumhq.org/exceptions/no_such_element.html&#10;Build info: version: &apos;3.141.59&apos;, revision: &apos;e82be7d358&apos;, time: &apos;2018-11-14T08:17:03&apos;&#10;System info: host: &apos;LAPTOP-ES9UA65O&apos;, ip: &apos;192.168.2.32&apos;, os.name: &apos;Windows 10&apos;, os.arch: &apos;amd64&apos;, os.version: &apos;10.0&apos;, java.version: &apos;11.0.14&apos;&#10;Driver info: driver.version: RemoteWebDriver" type="org.openqa.selenium.NoSuchElementException">org.openqa.selenium.NoSuchElementException: 
Cannot locate an element using css selector=.alertinner.wicon
For documentation on this error, please visit: https://www.seleniumhq.org/exceptions/no_such_element.html
Build info: version: '3.141.59', revision: 'e82be7d358', time: '2018-11-14T08:17:03'
System info: host: 'LAPTOP-ES9UA65O', ip: '192.168.2.32', os.name: 'Windows 10', os.arch: 'amd64', os.version: '10.0', java.version: '11.0.14'
Driver info: driver.version: RemoteWebDriver
	at com.telran.oscarlatestVersion.tests.RegisterPagePositiveTests.registerPositiveTest(RegisterPagePositiveTests.java:25)
</failure>
    <system-out><![CDATA[22:16:43,909 |-INFO in ch.qos.logback.classic.LoggerContext[default] - Could NOT find resource [logback-test.xml]
22:16:43,909 |-INFO in ch.qos.logback.classic.LoggerContext[default] - Found resource [logback.xml] at [file:/C:/Users/49160/Tel-Ran/QA/GitHub2/OscarSandbox/target/test-classes/logback.xml]
22:16:43,940 |-INFO in ch.qos.logback.classic.joran.action.ConfigurationAction - debug attribute not set
22:16:43,940 |-INFO in ch.qos.logback.core.joran.action.TimestampAction - Using current interpretation time, i.e. now, as time reference.
22:16:43,956 |-INFO in ch.qos.logback.core.joran.action.TimestampAction - Adding property to the context with key="bySecond" and value="20230305T221643" to the LOCAL scope
22:16:43,956 |-INFO in ch.qos.logback.core.joran.action.AppenderAction - About to instantiate appender of type [ch.qos.logback.core.ConsoleAppender]
22:16:43,956 |-INFO in ch.qos.logback.core.joran.action.AppenderAction - Naming appender as [STDOUT]
22:16:43,972 |-INFO in ch.qos.logback.core.joran.action.NestedComplexPropertyIA - Assuming default type [ch.qos.logback.classic.encoder.PatternLayoutEncoder] for [encoder] property
22:16:43,987 |-ERROR in ch.qos.logback.core.pattern.parser.Compiler@742ff096 - There is no conversion class registered for conversion word [kvp]
22:16:43,987 |-ERROR in ch.qos.logback.core.pattern.parser.Compiler@742ff096 - [kvp] is not a valid conversion word
22:16:43,987 |-INFO in ch.qos.logback.core.joran.action.AppenderAction - About to instantiate appender of type [ch.qos.logback.core.FileAppender]
22:16:43,987 |-INFO in ch.qos.logback.core.joran.action.AppenderAction - Naming appender as [FILE]
22:16:43,987 |-INFO in ch.qos.logback.core.joran.action.NestedComplexPropertyIA - Assuming default type [ch.qos.logback.classic.encoder.PatternLayoutEncoder] for [encoder] property
22:16:43,987 |-INFO in ch.qos.logback.core.FileAppender[FILE] - File property is set to [src/test_logs/log_20230305T221643.log]
22:16:44,003 |-INFO in ch.qos.logback.classic.joran.action.RootLoggerAction - Setting level of ROOT logger to DEBUG
22:16:44,003 |-INFO in ch.qos.logback.core.joran.action.AppenderRefAction - Attaching appender named [STDOUT] to Logger[ROOT]
22:16:44,003 |-INFO in ch.qos.logback.core.joran.action.AppenderRefAction - Attaching appender named [FILE] to Logger[ROOT]
22:16:44,003 |-INFO in ch.qos.logback.classic.joran.action.ConfigurationAction - End of configuration.
22:16:44,003 |-INFO in ch.qos.logback.classic.joran.JoranConfigurator@75437611 - Registering current configuration as safe fallback point

22:16:46.626 [main] INFO  c.t.o.tests.TestBase -%PARSER_ERROR[kvp]- Test start registerPositiveTest with data: []
]]></system-out>
    <system-err><![CDATA[Starting ChromeDriver 109.0.5414.74 (e7c5703604daa9cc128ccf5a5d3e993513758913-refs/branch-heads/5414@{#1172}) on port 16594
Only local connections are allowed.
Please see https://chromedriver.chromium.org/security-considerations for suggestions on keeping ChromeDriver safe.
ChromeDriver was started successfully.
[1678051005.159][WARNING]: This version of ChromeDriver has not been tested with Chrome version 110.
Mar 05, 2023 10:16:45 PM org.openqa.selenium.remote.ProtocolHandshake createSession
INFO: Detected dialect: W3C
]]></system-err>
  </testcase>
  <testcase name="isBasketEmptyTest" classname="com.telran.oscarlatestVersion.tests.BasketPageTests" time="0.422">
    <failure message="expected [true] but found [false]" type="java.lang.AssertionError">java.lang.AssertionError: expected [true] but found [false]
	at com.telran.oscarlatestVersion.tests.BasketPageTests.isBasketEmptyTest(BasketPageTests.java:22)
</failure>
    <system-out><![CDATA[22:16:55.596 [main] INFO  c.t.o.tests.TestBase -%PARSER_ERROR[kvp]- FAILED: Test method registerPositiveTest
22:16:57.251 [main] INFO  c.t.o.tests.TestBase -%PARSER_ERROR[kvp]- Test start isBasketEmptyTest with data: []
]]></system-out>
    <system-err><![CDATA[Starting ChromeDriver 109.0.5414.74 (e7c5703604daa9cc128ccf5a5d3e993513758913-refs/branch-heads/5414@{#1172}) on port 43779
Only local connections are allowed.
Please see https://chromedriver.chromium.org/security-considerations for suggestions on keeping ChromeDriver safe.
ChromeDriver was started successfully.
[1678051016.254][WARNING]: This version of ChromeDriver has not been tested with Chrome version 110.
Mar 05, 2023 10:16:56 PM org.openqa.selenium.remote.ProtocolHandshake createSession
INFO: Detected dialect: W3C
]]></system-err>
  </testcase>
  <testcase name="addItemInBasketTest" classname="com.telran.oscarlatestVersion.tests.BasketPageTests" time="0.841">
    <failure message="expected [true] but found [false]" type="java.lang.AssertionError">java.lang.AssertionError: expected [true] but found [false]
	at com.telran.oscarlatestVersion.tests.BasketPageTests.addItemInBasketTest(BasketPageTests.java:29)
</failure>
    <system-out><![CDATA[22:16:59.116 [main] INFO  c.t.o.tests.TestBase -%PARSER_ERROR[kvp]- FAILED: Test method isBasketEmptyTest
22:17:00.629 [main] INFO  c.t.o.tests.TestBase -%PARSER_ERROR[kvp]- Test start addItemInBasketTest with data: []
3
]]></system-out>
    <system-err><![CDATA[Starting ChromeDriver 109.0.5414.74 (e7c5703604daa9cc128ccf5a5d3e993513758913-refs/branch-heads/5414@{#1172}) on port 12420
Only local connections are allowed.
Please see https://chromedriver.chromium.org/security-considerations for suggestions on keeping ChromeDriver safe.
ChromeDriver was started successfully.
[1678051019.701][WARNING]: This version of ChromeDriver has not been tested with Chrome version 110.
Mar 05, 2023 10:16:59 PM org.openqa.selenium.remote.ProtocolHandshake createSession
INFO: Detected dialect: W3C
]]></system-err>
  </testcase>
  <testcase name="isUpdateQuantityButtonFunctioningTest" classname="com.telran.oscarlatestVersion.tests.BasketPageTests" time="3.285"/>
  <testcase name="removeQuantityButtonTest" classname="com.telran.oscarlatestVersion.tests.BasketPageTests" time="4.981"/>
  <testcase name="proceedToCheckoutButtonTest" classname="com.telran.oscarlatestVersion.tests.BasketPageTests" time="1.336"/>
</testsuite>